<?xml version="1.0" encoding="UTF-8"?>
<!-- Generated by org.testng.reporters.JUnitReportReporter -->
<testsuite hostname="DESKTOP-C5UC5JG" failures="0" tests="1" name="testCases.TC001_GetStaticWebTable" time="8.177" errors="0" timestamp="2024-12-04T19:12:34 IST" skipped="0">
  <testcase classname="testCases.TC001_GetStaticWebTable" name="performStaticWebTable" time="8.177"/>
  <system-out/>
</testsuite> <!-- testCases.TC001_GetStaticWebTable -->
