<?xml version="1.0" encoding="UTF-8"?>
<!-- Generated by org.testng.reporters.JUnitReportReporter -->
<testsuite hostname="DESKTOP-C5UC5JG" failures="0" tests="1" name="testCases.TC003_ShadowDOM" time="9.136" errors="0" timestamp="2024-12-05T10:26:40 IST" skipped="0">
  <testcase classname="testCases.TC003_ShadowDOM" name="performShadowDom" time="9.136"/>
  <system-out/>
</testsuite> <!-- testCases.TC003_ShadowDOM -->
