<?xml version="1.0" encoding="UTF-8"?>
<!-- Generated by org.testng.reporters.JUnitReportReporter -->
<testsuite hostname="DESKTOP-C5UC5JG" failures="0" tests="1" name="testCases.TC004_DownloadPDF" time="8.480" errors="0" timestamp="2024-12-05T11:28:21 IST" skipped="0">
  <testcase classname="testCases.TC004_DownloadPDF" name="performDownlOAd" time="8.480"/>
  <system-out/>
</testsuite> <!-- testCases.TC004_DownloadPDF -->
