<?xml version="1.0" encoding="UTF-8"?>
<!-- Generated by org.testng.reporters.JUnitReportReporter -->
<testsuite hostname="DESKTOP-C5UC5JG" failures="0" tests="16" name="testCases.TC002_uploadFiles" time="125.976" errors="0" timestamp="2024-12-04T20:59:33 IST" skipped="0">
  <testcase classname="testCases.TC002_uploadFiles" name="performMutipleUploadFiles" time="8.537"/>
  <system-out/>
  <testcase classname="testCases.TC002_uploadFiles" name="performMutipleUploadFiles" time="7.270"/>
  <system-out/>
  <testcase classname="testCases.TC002_uploadFiles" name="peformSingleUploadFile" time="6.179"/>
  <system-out/>
  <testcase classname="testCases.TC002_uploadFiles" name="performMutipleUploadFiles" time="8.429"/>
  <system-out/>
  <testcase classname="testCases.TC002_uploadFiles" name="performMutipleUploadFiles" time="7.376"/>
  <system-out/>
  <testcase classname="testCases.TC002_uploadFiles" name="performMutipleUploadFiles" time="8.708"/>
  <system-out/>
  <testcase classname="testCases.TC002_uploadFiles" name="performMutipleUploadFiles" time="6.848"/>
  <system-out/>
  <testcase classname="testCases.TC002_uploadFiles" name="peformSingleUploadFile" time="7.827"/>
  <system-out/>
  <testcase classname="testCases.TC002_uploadFiles" name="performMutipleUploadFiles" time="9.089"/>
  <system-out/>
  <testcase classname="testCases.TC002_uploadFiles" name="performMutipleUploadFiles" time="7.815"/>
  <system-out/>
  <testcase classname="testCases.TC002_uploadFiles" name="performMutipleUploadFiles" time="6.422"/>
  <system-out/>
  <testcase classname="testCases.TC002_uploadFiles" name="peformSingleUploadFile" time="6.283"/>
  <system-out/>
  <testcase classname="testCases.TC002_uploadFiles" name="performMutipleUploadFiles" time="9.014"/>
  <system-out/>
  <testcase classname="testCases.TC002_uploadFiles" name="peformSingleUploadFile" time="9.287"/>
  <system-out/>
  <testcase classname="testCases.TC002_uploadFiles" name="peformSingleUploadFile" time="8.066"/>
  <system-out/>
  <testcase classname="testCases.TC002_uploadFiles" name="peformSingleUploadFile" time="8.826"/>
  <system-out/>
</testsuite> <!-- testCases.TC002_uploadFiles -->
